Arguments: 
  C:\Program Files\nodejs\node.exe C:\Program Files (x86)\Yarn\bin\yarn.js publish

PATH: 
  C:\WINDOWS\system32;C:\WINDOWS;C:\WINDOWS\System32\Wbem;C:\WINDOWS\System32\WindowsPowerShell\v1.0\;C:\WINDOWS\System32\OpenSSH\;C:\Program Files\Docker\Docker\resources\bin;C:\Program Files\Git\cmd;C:\Program Files (x86)\Yarn\bin\;%NVM_HOME%;%NVM_SYMLINK%;C:\Program Files (x86)\Microsoft SQL Server\160\DTS\Binn\;C:\Program Files\Azure Data Studio\bin;C:\Program Files\Go\bin;C:\Users\arthu\.cargo\bin;C:\Users\arthu\AppData\Local\Microsoft\WindowsApps;C:\Users\arthu\AppData\Roaming\npm;C:\Users\arthu\AppData\Local\Programs\Microsoft VS Code\bin;C:\Program Files\Neovim\bin;C:\Users\arthu\AppData\Local\Yarn\bin;C:\Users\arthu\AppData\Roaming\nvm;C:\Program Files\nodejs;C:\Program Files\Azure Data Studio\bin;C:\Users\arthu\go\bin

Yarn version: 
  1.22.19

Node version: 
  18.18.2

Platform: 
  win32 x64

Trace: 
  Error: canceled
      at Interface.<anonymous> (C:\Program Files (x86)\Yarn\lib\cli.js:137150:13)
      at Interface.emit (node:events:517:28)
      at [_ttyWrite] [as _ttyWrite] (node:internal/readline/interface:1132:18)
      at ReadStream.onkeypress (node:internal/readline/interface:271:20)
      at ReadStream.emit (node:events:517:28)
      at emitKeys (node:internal/readline/utils:357:14)
      at emitKeys.next (<anonymous>)
      at ReadStream.onData (node:internal/readline/emitKeypressEvents:64:36)
      at ReadStream.emit (node:events:517:28)
      at addChunk (node:internal/streams/readable:335:12)

npm manifest: 
  {
    "name": "lebre",
    "publishConfig": {
      "access": "public",
      "tag": "lebre"
    },
    "repository": {
      "type": "github",
      "url": "https://github.com/arthuralmeidadev/lebrejs"
    },
    "private": false,
    "publisher": "arthuralmeidadev",
    "author": {
      "name": "Arthur Almeida",
      "url": "https://github.com/arthuralmeidadev"
    },
    "version": "1.0.0",
    "main": "src/index.js",
    "types": "src/index.d.ts",
    "license": "MIT",
    "type": "module",
    "scripts": {
      "start": "node src/index.js"
    }
  }

yarn manifest: 
  No manifest

Lockfile: 
  No lockfile
